<?xml version="1.0" encoding="UTF-8"?>
<!-- Generated by org.testng.reporters.JUnitXMLReporter -->
<testsuite ignored="0" hostname="DESKTOP-P7OQTO0" failures="0" tests="6" name="Default test" time="0.436" errors="0" timestamp="2019-09-29T10:38:57 IST">
  <testcase classname="com.adil.services.SportsClubFeesTest" name="testMembershipFees" time="0.025"/>
  <testcase classname="com.adil.services.SportsClubFeesTest" name="testMembershipFees" time="0.023"/>
  <testcase classname="com.adil.services.SportsClubFeesTest" name="testMembershipFees" time="0.054"/>
  <testcase classname="com.adil.services.SportsClubFeesTest" name="testMembershipFees" time="0.028"/>
  <testcase classname="com.adil.services.SportsClubFeesTest" name="testMembershipFees" time="0.012"/>
  <testcase classname="com.adil.services.SportsClubFeesTest" name="testMembershipFees" time="0.014"/>
</testsuite> <!-- Default test -->
