<?xml version="1.0" encoding="UTF-8"?>
<testng-results ignored="0" total="6" passed="6" failed="0" skipped="0">
  <reporter-output>
  </reporter-output>
  <suite started-at="2019-09-29T10:38:57 IST" name="Default suite" finished-at="2019-09-29T10:38:57 IST" duration-ms="436">
    <groups>
    </groups>
    <test started-at="2019-09-29T10:38:57 IST" name="Default test" finished-at="2019-09-29T10:38:57 IST" duration-ms="436">
      <class name="com.adil.services.SportsClubFeesTest">
        <test-method signature="testMembershipFees(java.lang.String, int, int, int)[pri:0, instance:com.adil.services.SportsClubFeesTest@6b26e945]" started-at="2019-09-29T10:38:57 IST" name="testMembershipFees" data-provider="membershipFeesTest" finished-at="2019-09-29T10:38:57 IST" duration-ms="25" status="PASS">
          <params>
            <param index="0">
              <value>
                <![CDATA[T1]]>
              </value>
            </param>
            <param index="1">
              <value>
                <![CDATA[5]]>
              </value>
            </param>
            <param index="2">
              <value>
                <![CDATA[3]]>
              </value>
            </param>
            <param index="3">
              <value>
                <![CDATA[-1]]>
              </value>
            </param>
          </params>
          <reporter-output>
          </reporter-output>
        </test-method> <!-- testMembershipFees -->
        <test-method signature="testMembershipFees(java.lang.String, int, int, int)[pri:0, instance:com.adil.services.SportsClubFeesTest@6b26e945]" started-at="2019-09-29T10:38:57 IST" name="testMembershipFees" data-provider="membershipFeesTest" finished-at="2019-09-29T10:38:57 IST" duration-ms="23" status="PASS">
          <params>
            <param index="0">
              <value>
                <![CDATA[T2]]>
              </value>
            </param>
            <param index="1">
              <value>
                <![CDATA[70]]>
              </value>
            </param>
            <param index="2">
              <value>
                <![CDATA[3]]>
              </value>
            </param>
            <param index="3">
              <value>
                <![CDATA[-1]]>
              </value>
            </param>
          </params>
          <reporter-output>
          </reporter-output>
        </test-method> <!-- testMembershipFees -->
        <test-method signature="testMembershipFees(java.lang.String, int, int, int)[pri:0, instance:com.adil.services.SportsClubFeesTest@6b26e945]" started-at="2019-09-29T10:38:57 IST" name="testMembershipFees" data-provider="membershipFeesTest" finished-at="2019-09-29T10:38:57 IST" duration-ms="54" status="PASS">
          <params>
            <param index="0">
              <value>
                <![CDATA[T3]]>
              </value>
            </param>
            <param index="1">
              <value>
                <![CDATA[20]]>
              </value>
            </param>
            <param index="2">
              <value>
                <![CDATA[-1]]>
              </value>
            </param>
            <param index="3">
              <value>
                <![CDATA[-1]]>
              </value>
            </param>
          </params>
          <reporter-output>
          </reporter-output>
        </test-method> <!-- testMembershipFees -->
        <test-method signature="testMembershipFees(java.lang.String, int, int, int)[pri:0, instance:com.adil.services.SportsClubFeesTest@6b26e945]" started-at="2019-09-29T10:38:57 IST" name="testMembershipFees" data-provider="membershipFeesTest" finished-at="2019-09-29T10:38:57 IST" duration-ms="28" status="PASS">
          <params>
            <param index="0">
              <value>
                <![CDATA[T4]]>
              </value>
            </param>
            <param index="1">
              <value>
                <![CDATA[20]]>
              </value>
            </param>
            <param index="2">
              <value>
                <![CDATA[60]]>
              </value>
            </param>
            <param index="3">
              <value>
                <![CDATA[-1]]>
              </value>
            </param>
          </params>
          <reporter-output>
          </reporter-output>
        </test-method> <!-- testMembershipFees -->
        <test-method signature="testMembershipFees(java.lang.String, int, int, int)[pri:0, instance:com.adil.services.SportsClubFeesTest@6b26e945]" started-at="2019-09-29T10:38:57 IST" name="testMembershipFees" data-provider="membershipFeesTest" finished-at="2019-09-29T10:38:57 IST" duration-ms="12" status="PASS">
          <params>
            <param index="0">
              <value>
                <![CDATA[T5]]>
              </value>
            </param>
            <param index="1">
              <value>
                <![CDATA[20]]>
              </value>
            </param>
            <param index="2">
              <value>
                <![CDATA[3]]>
              </value>
            </param>
            <param index="3">
              <value>
                <![CDATA[300]]>
              </value>
            </param>
          </params>
          <reporter-output>
          </reporter-output>
        </test-method> <!-- testMembershipFees -->
        <test-method signature="testMembershipFees(java.lang.String, int, int, int)[pri:0, instance:com.adil.services.SportsClubFeesTest@6b26e945]" started-at="2019-09-29T10:38:57 IST" name="testMembershipFees" data-provider="membershipFeesTest" finished-at="2019-09-29T10:38:57 IST" duration-ms="14" status="PASS">
          <params>
            <param index="0">
              <value>
                <![CDATA[T6]]>
              </value>
            </param>
            <param index="1">
              <value>
                <![CDATA[20]]>
              </value>
            </param>
            <param index="2">
              <value>
                <![CDATA[5]]>
              </value>
            </param>
            <param index="3">
              <value>
                <![CDATA[270]]>
              </value>
            </param>
          </params>
          <reporter-output>
          </reporter-output>
        </test-method> <!-- testMembershipFees -->
      </class> <!-- com.adil.services.SportsClubFeesTest -->
    </test> <!-- Default test -->
  </suite> <!-- Default suite -->
</testng-results>
